=~=~=~=~=~=~=~=~=~=~=~= PuTTY log 2023.12.21 17:20:41 =~=~=~=~=~=~=~=~=~=~=~=
x:0.08,y:0.97,z:0.08
x:0.04,y:0.01,z:-0.02
x:-0.01,y:-0.01,z:0.00
x:0.08,y:1.96,z:-0.02
x:0.06,y:0.96,z:-0.02
x:0.01,y:1.97,z:0.00
x:0.05,y:0.03,z:-0.01
x:0.09,y:0.80,z:0.02
x:-0.08,y:0.83,z:0.10
x:0.80,y:1.04,z:-1.03
x:0.00,y:0.22,z:0.82
x:0.07,y:0.88,z:0.02
x:0.09,y:0.77,z:-0.94
x:0.11,y:1.82,z:-0.06
x:0.05,y:0.17,z:-0.17
x:0.01,y:0.95,z:-0.14
x:0.02,y:0.95,z:-0.14
x:0.07,y:0.92,z:-0.12
x:-1.02,y:1.97,z:-0.10
x:0.93,y:-0.01,z:-0.12
x:0.11,y:-0.01,z:-0.10
x:0.19,y:0.93,z:-0.09
x:0.10,y:0.95,z:-0.09
x:0.07,y:0.97,z:-0.10
x:0.06,y:0.90,z:-0.07
x:-0.09,y:1.90,z:-0.14
x:0.05,y:1.08,z:-0.18
x:0.28,y:1.00,z:-0.24
x:0.11,y:0.85,z:-0.03
x:0.10,y:0.85,z:-0.02
