=~=~=~=~=~=~=~=~=~=~=~= PuTTY log 2023.12.21 17:18:55 =~=~=~=~=~=~=~=~=~=~=~=
x:-0.04,y:1.97,z:0.02
x:-0.04,y:-0.01,z:-0.05
x:-0.04,y:0.97,z:0.02
x:0.01,y:0.95,z:-0.01
x:0.96,y:0.92,z:0.02
x:0.91,y:1.82,z:0.02
x:-1.02,y:1.03,z:0.02
x:-0.01,y:1.05,z:0.02
x:-0.09,y:0.00,z:0.09
x:0.17,y:0.98,z:0.08
x:0.09,y:0.92,z:0.08
x:0.10,y:1.78,z:-0.91
x:-1.02,y:1.18,z:-0.10
x:0.09,y:0.01,z:0.94
x:-0.00,y:0.94,z:-0.02
x:0.87,y:0.97,z:0.93
x:-0.55,y:0.81,z:-0.07
x:-0.50,y:0.82,z:-0.07
x:-0.39,y:0.81,z:-0.08
x:-0.40,y:0.84,z:-0.17
x:-0.64,y:0.85,z:-0.25
x:-0.51,y:0.84,z:-0.18
x:0.80,y:1.87,z:-0.16
x:0.93,y:0.86,z:-0.04
x:0.91,y:0.96,z:-1.05
x:-1.03,y:0.96,z:0.95
x:0.92,y:1.77,z:-1.03
x:0.00,y:0.00,z:0.00
x:1.97,y:0.02,z:0.00
x:-0.01,y:-0.05,z:0.00
