=~=~=~=~=~=~=~=~=~=~=~= PuTTY log 2023.12.21 17:22:19 =~=~=~=~=~=~=~=~=~=~=~=
x:0.07,y:0.97,z:0.04
x:0.08,y:-0.01,z:-0.00
x:0.08,y:0.99,z:-0.01
x:0.08,y:0.97,z:0.03
x:0.03,y:1.98,z:0.06
x:0.00,y:1.01,z:0.06
x:-1.00,y:0.04,z:0.09
x:0.86,y:0.95,z:0.08
x:0.12,y:0.83,z:0.06
x:0.28,y:1.98,z:0.00
x:-0.84,y:1.10,z:-0.00
x:-0.12,y:0.02,z:0.02
x:-0.03,y:0.94,z:0.00
x:0.21,y:0.83,z:0.04
x:0.30,y:1.01,z:-0.02
x:0.17,y:1.09,z:-0.07
x:0.01,y:1.04,z:-0.04
x:0.04,y:0.87,z:0.00
x:0.08,y:0.95,z:-0.02
x:0.00,y:1.99,z:-0.03
x:0.03,y:0.97,z:-1.02
x:0.39,y:0.90,z:0.91
x:0.35,y:1.03,z:-0.05
x:0.03,y:0.00,z:0.08
x:0.00,y:0.79,z:0.12
x:0.05,y:1.72,z:0.08
x:0.20,y:1.18,z:-0.12
x:0.09,y:1.10,z:-0.12
x:0.07,y:0.88,z:-0.03
x:0.10,y:0.92,z:-0.05
