=~=~=~=~=~=~=~=~=~=~=~= PuTTY log 2023.12.21 17:23:58 =~=~=~=~=~=~=~=~=~=~=~=
x:0.07,y:1.90,z:0.05
x:-0.84,y:0.01,z:0.01
x:-1.04,y:0.99,z:-1.05
x:0.02,y:0.92,z:0.01
x:-0.01,y:0.97,z:-0.04
x:0.07,y:0.92,z:-0.04
x:-0.04,y:1.07,z:-0.01
x:-0.13,y:0.93,z:0.06
x:0.00,y:0.71,z:0.07
x:0.41,y:1.97,z:-1.00
x:-0.81,y:1.97,z:-0.08
x:-0.17,y:0.11,z:-1.02
x:-0.24,y:0.98,z:-0.07
x:-0.01,y:0.97,z:-0.08
x:0.21,y:0.98,z:-0.10
x:0.09,y:-0.01,z:-0.07
x:0.14,y:0.84,z:-0.09
x:-0.92,y:1.97,z:-0.15
x:-0.20,y:1.05,z:-0.12
x:-0.40,y:0.09,z:0.90
x:-0.17,y:0.70,z:0.02
x:-0.18,y:1.64,z:-0.92
x:0.07,y:1.10,z:-0.22
x:0.14,y:0.07,z:-0.23
x:0.03,y:1.96,z:-0.18
x:0.05,y:0.02,z:-0.14
x:-0.81,y:0.83,z:0.92
x:-0.11,y:0.84,z:-0.07
x:-0.11,y:1.05,z:-0.13
x:0.87,y:1.09,z:-0.21
